{"numTotalTestSuites":27,"numPassedTestSuites":27,"numFailedTestSuites":0,"numPendingTestSuites":0,"numTotalTests":85,"numPassedTests":85,"numFailedTests":0,"numPendingTests":0,"numTodoTests":0,"snapshot":{"added":0,"failure":false,"filesAdded":0,"filesRemoved":0,"filesRemovedList":[],"filesUnmatched":0,"filesUpdated":0,"matched":0,"total":0,"unchecked":0,"uncheckedKeysByFile":[],"unmatched":0,"updated":0,"didUpdate":false},"startTime":1787838884675,"success":true,"testResults":[{"assertionResults":[{"ancestorTitles":["createSamsClient"],"fullName":"createSamsClient requires a non-empty baseUrl and apiKey without echoing the key","status":"passed","title":"requires a non-empty baseUrl and apiKey without echoing the key","duration":2.149686000000031,"failureMessages":[],"meta":{},"tags":[]},{"ancestorTitles":["createSamsClient"],"fullName":"createSamsClient always sends Accept: */* and X-API-Key, even when extra headers are provided","status":"passed","title":"always sends Accept: */* and X-API-Key, even when extra headers are provided","duration":6.320900999999992,"failureMessages":[],"meta":{},"tags":[]},{"ancestorTitles":["createSamsClient"],"fullName":"createSamsClient binds SDK methods to the created client so callers do not pass { client }","status":"passed","title":"binds SDK methods to the created client so callers do not pass { client }","duration":2.891504999999995,"failureMessages":[],"meta":{},"tags":[]}],"startTime":1787838885014,"endTime":1787838885025.8916,"status":"passed","message":"","name":"/workspace/src/create-sams-client.test.ts"},{"assertionResults":[{"ancestorTitles":["patched generated Zod schemas"],"fullName":"patched generated Zod schemas accepts a date-only match date and null referees/results","status":"passed","title":"accepts a date-only match date and null referees/results","duration":9.05490499999999,"failureMessages":[],"meta":{},"tags":[]},{"ancestorTitles":["patched generated Zod schemas"],"fullName":"patched generated Zod schemas accepts null parentLeagueHierarchyUuid on root nodes","status":"passed","title":"accepts null parentLeagueHierarchyUuid on root nodes","duration":0.5237720000000081,"failureMessages":[],"meta":{},"tags":[]},{"ancestorTitles":["patched generated Zod schemas"],"fullName":"patched generated Zod schemas accepts pre-season Infinity ratio strings","status":"passed","title":"accepts pre-season Infinity ratio strings","duration":0.884475000000009,"failureMessages":[],"meta":{},"tags":[]},{"ancestorTitles":["patched generated Zod schemas"],"fullName":"patched generated Zod schemas accepts null team logoImageForScreenOutputLink","status":"passed","title":"accepts null team logoImageForScreenOutputLink","duration":0.5753850000000114,"failureMessages":[],"meta":{},"tags":[]},{"ancestorTitles":["patched generated Zod schemas"],"fullName":"patched generated Zod schemas requires sportsclub uuid and name","status":"passed","title":"requires sportsclub uuid and name","duration":1.3415950000000123,"failureMessages":[],"meta":{},"tags":[]},{"ancestorTitles":["patched generated Zod schemas"],"fullName":"patched generated Zod schemas accepts null superCompetitionUuid and latestResultUpdate on competitions","status":"passed","title":"accepts null superCompetitionUuid and latestResultUpdate on competitions","duration":0.6150459999999782,"failureMessages":[],"meta":{},"tags":[]}],"startTime":1787838885036,"endTime":1787838885049.615,"status":"passed","message":"","name":"/workspace/src/generated-schemas.test.ts"},{"assertionResults":[{"ancestorTitles":["jsonEqualIgnoringKeyOrder"],"fullName":"jsonEqualIgnoringKeyOrder treats objects with the same keys and values as equal regardless of key order","status":"passed","title":"treats objects with the same keys and values as equal regardless of key order","duration":1.0465750000000185,"failureMessages":[],"meta":{},"tags":[]},{"ancestorTitles":["jsonEqualIgnoringKeyOrder"],"fullName":"jsonEqualIgnoringKeyOrder reports inequality when a value differs","status":"passed","title":"reports inequality when a value differs","duration":0.14403400000000488,"failureMessages":[],"meta":{},"tags":[]},{"ancestorTitles":["compareSwaggerSnapshots"],"fullName":"compareSwaggerSnapshots reports no drift when only object key order differs","status":"passed","title":"reports no drift when only object key order differs","duration":0.6236829999999998,"failureMessages":[],"meta":{},"tags":[]},{"ancestorTitles":["compareSwaggerSnapshots"],"fullName":"compareSwaggerSnapshots reports drift with concrete paths when a property value changes","status":"passed","title":"reports drift with concrete paths when a property value changes","duration":0.2755999999999972,"failureMessages":[],"meta":{},"tags":[]},{"ancestorTitles":["compareSwaggerSnapshots"],"fullName":"compareSwaggerSnapshots reports added and removed properties as drift","status":"passed","title":"reports added and removed properties as drift","duration":0.22198099999999954,"failureMessages":[],"meta":{},"tags":[]},{"ancestorTitles":["formatDriftSummaryMarkdown"],"fullName":"formatDriftSummaryMarkdown lists each changed path for the notify issue body","status":"passed","title":"lists each changed path for the notify issue body","duration":0.2982669999999814,"failureMessages":[],"meta":{},"tags":[]},{"ancestorTitles":["buildSwaggerDriftSection"],"fullName":"buildSwaggerDriftSection points reviewers at source.json and embeds the semantic change summary","status":"passed","title":"points reviewers at source.json and embeds the semantic change summary","duration":0.36564599999999814,"failureMessages":[],"meta":{},"tags":[]},{"ancestorTitles":["GitHub Actions output helpers"],"fullName":"GitHub Actions output helpers formats step summary and job outputs for Actions to pick up","status":"passed","title":"formats step summary and job outputs for Actions to pick up","duration":0.26191199999999526,"failureMessages":[],"meta":{},"tags":[]},{"ancestorTitles":["check-sams-swagger-drift CLI"],"fullName":"check-sams-swagger-drift CLI reports no drift for key-order-only differences and drift for real changes","status":"passed","title":"reports no drift for key-order-only differences and drift for real changes","duration":47.76123099999998,"failureMessages":[],"meta":{},"tags":[]}],"startTime":1787838884820,"endTime":1787838884871.7612,"status":"passed","message":"","name":"/workspace/scripts/sams-swagger-drift.test.ts"},{"assertionResults":[{"ancestorTitles":["operationPatches"],"fullName":"operationPatches patches GET /event-types response to an array (event-types-array-response)","status":"passed","title":"patches GET /event-types response to an array (event-types-array-response)","duration":1.2492560000000026,"failureMessages":[],"meta":{},"tags":[]}],"startTime":1787838885351,"endTime":1787838885352.2493,"status":"passed","message":"","name":"/workspace/src/codegen/operation-patches.test.ts"},{"assertionResults":[{"ancestorTitles":["schemaPatches"],"fullName":"schemaPatches patches match DTO date format to date and wraps $ref fields in allOf+nullable","status":"passed","title":"patches match DTO date format to date and wraps $ref fields in allOf+nullable","duration":2.378653,"failureMessages":[],"meta":{},"tags":[]},{"ancestorTitles":["schemaPatches"],"fullName":"schemaPatches allows LeagueRankingsEntryDto ratios to be number or Infinity string","status":"passed","title":"allows LeagueRankingsEntryDto ratios to be number or Infinity string","duration":0.31891999999999143,"failureMessages":[],"meta":{},"tags":[]},{"ancestorTitles":["schemaPatches"],"fullName":"schemaPatches makes SportsclubDto uuid and name required and non-null","status":"passed","title":"makes SportsclubDto uuid and name required and non-null","duration":0.2072469999999953,"failureMessages":[],"meta":{},"tags":[]},{"ancestorTitles":["schemaPatches"],"fullName":"schemaPatches marks LeagueHierarchyDto.parentLeagueHierarchyUuid nullable","status":"passed","title":"marks LeagueHierarchyDto.parentLeagueHierarchyUuid nullable","duration":0.1372209999999967,"failureMessages":[],"meta":{},"tags":[]},{"ancestorTitles":["schemaPatches"],"fullName":"schemaPatches relaxes CompetitionDto and SuperCompetitionDto _embedded and nullable timestamp fields","status":"passed","title":"relaxes CompetitionDto and SuperCompetitionDto _embedded and nullable timestamp fields","duration":0.46741199999999594,"failureMessages":[],"meta":{},"tags":[]},{"ancestorTitles":["schemaPatches"],"fullName":"schemaPatches marks LeagueDto latest update fields nullable (competition-null-timestamps)","status":"passed","title":"marks LeagueDto latest update fields nullable (competition-null-timestamps)","duration":0.20083300000000293,"failureMessages":[],"meta":{},"tags":[]},{"ancestorTitles":["schemaPatches"],"fullName":"schemaPatches patches LeagueMatchDayDto matchdate format to date (matchday-date-format)","status":"passed","title":"patches LeagueMatchDayDto matchdate format to date (matchday-date-format)","duration":0.24456100000000447,"failureMessages":[],"meta":{},"tags":[]},{"ancestorTitles":["schemaPatches"],"fullName":"schemaPatches lists every patched schema name","status":"passed","title":"lists every patched schema name","duration":0.12720600000000104,"failureMessages":[],"meta":{},"tags":[]},{"ancestorTitles":["generate-client.ts"],"fullName":"generate-client.ts fetches the public swagger URL and does not reference SAMS_API_KEY as a request header","status":"passed","title":"fetches the public swagger URL and does not reference SAMS_API_KEY as a request header","duration":0.37313600000000235,"failureMessages":[],"meta":{},"tags":[]}],"startTime":1787838885146,"endTime":1787838885150.373,"status":"passed","message":"","name":"/workspace/src/codegen/schema-patches.test.ts"},{"assertionResults":[{"ancestorTitles":["createSamsClient against MSW","SAMS API graph"],"fullName":"createSamsClient against MSW SAMS API graph getApiBaseLinks","status":"passed","title":"getApiBaseLinks","duration":13.009391999999991,"failureMessages":[],"meta":{},"tags":[]},{"ancestorTitles":["createSamsClient against MSW","SAMS API graph"],"fullName":"createSamsClient against MSW SAMS API graph getAllSeasons","status":"passed","title":"getAllSeasons","duration":2.9188819999999964,"failureMessages":[],"meta":{},"tags":[]},{"ancestorTitles":["createSamsClient against MSW","SAMS API graph"],"fullName":"createSamsClient against MSW SAMS API graph getSeasonByUuid","status":"passed","title":"getSeasonByUuid","duration":2.4697499999999764,"failureMessages":[],"meta":{},"tags":[]},{"ancestorTitles":["createSamsClient against MSW","SAMS API graph"],"fullName":"createSamsClient against MSW SAMS API graph getLeagueHierarchiesForSeason","status":"passed","title":"getLeagueHierarchiesForSeason","duration":2.2223450000000184,"failureMessages":[],"meta":{},"tags":[]},{"ancestorTitles":["createSamsClient against MSW","SAMS API graph"],"fullName":"createSamsClient against MSW SAMS API graph getLeagueHierarchyByUuid","status":"passed","title":"getLeagueHierarchyByUuid","duration":2.271618999999987,"failureMessages":[],"meta":{},"tags":[]},{"ancestorTitles":["createSamsClient against MSW","SAMS API graph"],"fullName":"createSamsClient against MSW SAMS API graph getLeaguesByLeagueHierarchy","status":"passed","title":"getLeaguesByLeagueHierarchy","duration":2.6639240000000086,"failureMessages":[],"meta":{},"tags":[]},{"ancestorTitles":["createSamsClient against MSW","SAMS API graph"],"fullName":"createSamsClient against MSW SAMS API graph getCompetitionsByLeagueHierarchy","status":"passed","title":"getCompetitionsByLeagueHierarchy","duration":2.0824099999999817,"failureMessages":[],"meta":{},"tags":[]},{"ancestorTitles":["createSamsClient against MSW","SAMS API graph"],"fullName":"createSamsClient against MSW SAMS API graph getSuperCompetitionsByLeagueHierarchy","status":"passed","title":"getSuperCompetitionsByLeagueHierarchy","duration":2.026647999999966,"failureMessages":[],"meta":{},"tags":[]},{"ancestorTitles":["createSamsClient against MSW","SAMS API graph"],"fullName":"createSamsClient against MSW SAMS API graph getLeagueByUuid","status":"passed","title":"getLeagueByUuid","duration":2.6251629999999864,"failureMessages":[],"meta":{},"tags":[]},{"ancestorTitles":["createSamsClient against MSW","SAMS API graph"],"fullName":"createSamsClient against MSW SAMS API graph getMatchDaysForLeague","status":"passed","title":"getMatchDaysForLeague","duration":1.9292009999999777,"failureMessages":[],"meta":{},"tags":[]},{"ancestorTitles":["createSamsClient against MSW","SAMS API graph"],"fullName":"createSamsClient against MSW SAMS API graph getRankingsForLeague","status":"passed","title":"getRankingsForLeague","duration":2.2323710000000005,"failureMessages":[],"meta":{},"tags":[]},{"ancestorTitles":["createSamsClient against MSW","SAMS API graph"],"fullName":"createSamsClient against MSW SAMS API graph getTeamsForLeague","status":"passed","title":"getTeamsForLeague","duration":1.6879339999999843,"failureMessages":[],"meta":{},"tags":[]},{"ancestorTitles":["createSamsClient against MSW","SAMS API graph"],"fullName":"createSamsClient against MSW SAMS API graph getMatchDayByUuid","status":"passed","title":"getMatchDayByUuid","duration":1.5225070000000187,"failureMessages":[],"meta":{},"tags":[]},{"ancestorTitles":["createSamsClient against MSW","SAMS API graph"],"fullName":"createSamsClient against MSW SAMS API graph getMatchesByMatchDay","status":"passed","title":"getMatchesByMatchDay","duration":1.913217999999972,"failureMessages":[],"meta":{},"tags":[]},{"ancestorTitles":["createSamsClient against MSW","SAMS API graph"],"fullName":"createSamsClient against MSW SAMS API graph getLeagueMatchByUuid","status":"passed","title":"getLeagueMatchByUuid","duration":1.7030550000000062,"failureMessages":[],"meta":{},"tags":[]},{"ancestorTitles":["createSamsClient against MSW","SAMS API graph"],"fullName":"createSamsClient against MSW SAMS API graph getAllLeagueMatches","status":"passed","title":"getAllLeagueMatches","duration":1.819911999999988,"failureMessages":[],"meta":{},"tags":[]},{"ancestorTitles":["createSamsClient against MSW","SAMS API graph"],"fullName":"createSamsClient against MSW SAMS API graph getTeamByUuid","status":"passed","title":"getTeamByUuid","duration":1.5539009999999962,"failureMessages":[],"meta":{},"tags":[]},{"ancestorTitles":["createSamsClient against MSW","SAMS API graph"],"fullName":"createSamsClient against MSW SAMS API graph getTeamRosterByTeamUuid","status":"passed","title":"getTeamRosterByTeamUuid","duration":2.086322999999993,"failureMessages":[],"meta":{},"tags":[]},{"ancestorTitles":["createSamsClient against MSW","SAMS API graph"],"fullName":"createSamsClient against MSW SAMS API graph getCompetitionByUuid","status":"passed","title":"getCompetitionByUuid","duration":2.316594000000009,"failureMessages":[],"meta":{},"tags":[]},{"ancestorTitles":["createSamsClient against MSW","SAMS API graph"],"fullName":"createSamsClient against MSW SAMS API graph getMatchGroupsForCompetition","status":"passed","title":"getMatchGroupsForCompetition","duration":6.289336999999989,"failureMessages":[],"meta":{},"tags":[]},{"ancestorTitles":["createSamsClient against MSW","SAMS API graph"],"fullName":"createSamsClient against MSW SAMS API graph getRankingsForCompetition","status":"passed","title":"getRankingsForCompetition","duration":2.221341999999993,"failureMessages":[],"meta":{},"tags":[]},{"ancestorTitles":["createSamsClient against MSW","SAMS API graph"],"fullName":"createSamsClient against MSW SAMS API graph getTeamsForCompetition","status":"passed","title":"getTeamsForCompetition","duration":2.6064309999999864,"failureMessages":[],"meta":{},"tags":[]},{"ancestorTitles":["createSamsClient against MSW","SAMS API graph"],"fullName":"createSamsClient against MSW SAMS API graph getAllCompetitionMatchesWithFilter","status":"passed","title":"getAllCompetitionMatchesWithFilter","duration":2.214514999999949,"failureMessages":[],"meta":{},"tags":[]},{"ancestorTitles":["createSamsClient against MSW","SAMS API graph"],"fullName":"createSamsClient against MSW SAMS API graph getCompetitionMatchByUuid","status":"passed","title":"getCompetitionMatchByUuid","duration":2.3462129999999775,"failureMessages":[],"meta":{},"tags":[]},{"ancestorTitles":["createSamsClient against MSW","SAMS API graph"],"fullName":"createSamsClient against MSW SAMS API graph getSuperCompetitionByUuid","status":"passed","title":"getSuperCompetitionByUuid","duration":2.359933999999953,"failureMessages":[],"meta":{},"tags":[]},{"ancestorTitles":["createSamsClient against MSW","SAMS API graph"],"fullName":"createSamsClient against MSW SAMS API graph getAllLeagues","status":"passed","title":"getAllLeagues","duration":1.3217769999999973,"failureMessages":[],"meta":{},"tags":[]},{"ancestorTitles":["createSamsClient against MSW","SAMS API graph"],"fullName":"createSamsClient against MSW SAMS API graph getAllLeagueHierarchies","status":"passed","title":"getAllLeagueHierarchies","duration":1.2814590000000408,"failureMessages":[],"meta":{},"tags":[]},{"ancestorTitles":["createSamsClient against MSW","SAMS API graph"],"fullName":"createSamsClient against MSW SAMS API graph getAllMatchDays","status":"passed","title":"getAllMatchDays","duration":3.9177819999999883,"failureMessages":[],"meta":{},"tags":[]},{"ancestorTitles":["createSamsClient against MSW","SAMS API graph"],"fullName":"createSamsClient against MSW SAMS API graph getAllMatchGroups","status":"passed","title":"getAllMatchGroups","duration":2.041682999999921,"failureMessages":[],"meta":{},"tags":[]},{"ancestorTitles":["createSamsClient against MSW","SAMS API graph"],"fullName":"createSamsClient against MSW SAMS API graph getMatchGroupByUuid","status":"passed","title":"getMatchGroupByUuid","duration":1.783329999999978,"failureMessages":[],"meta":{},"tags":[]},{"ancestorTitles":["createSamsClient against MSW","SAMS API graph"],"fullName":"createSamsClient against MSW SAMS API graph getMatchesByMatchGroup","status":"passed","title":"getMatchesByMatchGroup","duration":2.1636570000000575,"failureMessages":[],"meta":{},"tags":[]},{"ancestorTitles":["createSamsClient against MSW","SAMS API graph"],"fullName":"createSamsClient against MSW SAMS API graph getAllCompetitions","status":"passed","title":"getAllCompetitions","duration":1.6399880000000167,"failureMessages":[],"meta":{},"tags":[]},{"ancestorTitles":["createSamsClient against MSW","SAMS API graph"],"fullName":"createSamsClient against MSW SAMS API graph getAllSuperCompetitions","status":"passed","title":"getAllSuperCompetitions","duration":1.8544999999999163,"failureMessages":[],"meta":{},"tags":[]},{"ancestorTitles":["createSamsClient against MSW","SAMS API graph"],"fullName":"createSamsClient against MSW SAMS API graph getAllTeams","status":"passed","title":"getAllTeams","duration":1.3881139999999732,"failureMessages":[],"meta":{},"tags":[]},{"ancestorTitles":["createSamsClient against MSW","SAMS API graph"],"fullName":"createSamsClient against MSW SAMS API graph getAllSportsclubs","status":"passed","title":"getAllSportsclubs","duration":2.447332999999958,"failureMessages":[],"meta":{},"tags":[]},{"ancestorTitles":["createSamsClient against MSW","SAMS API graph"],"fullName":"createSamsClient against MSW SAMS API graph getSportsclub","status":"passed","title":"getSportsclub","duration":1.95895100000007,"failureMessages":[],"meta":{},"tags":[]},{"ancestorTitles":["createSamsClient against MSW","SAMS API graph"],"fullName":"createSamsClient against MSW SAMS API graph getAssociations","status":"passed","title":"getAssociations","duration":1.8195240000000013,"failureMessages":[],"meta":{},"tags":[]},{"ancestorTitles":["createSamsClient against MSW","SAMS API graph"],"fullName":"createSamsClient against MSW SAMS API graph getAssociationByUuid","status":"passed","title":"getAssociationByUuid","duration":4.155349000000001,"failureMessages":[],"meta":{},"tags":[]},{"ancestorTitles":["createSamsClient against MSW","SAMS API graph"],"fullName":"createSamsClient against MSW SAMS API graph getCommitteesForAssociation","status":"passed","title":"getCommitteesForAssociation","duration":2.0555719999999837,"failureMessages":[],"meta":{},"tags":[]},{"ancestorTitles":["createSamsClient against MSW","SAMS API graph"],"fullName":"createSamsClient against MSW SAMS API graph getSportsclubsForAssociation","status":"passed","title":"getSportsclubsForAssociation","duration":1.8059879999999566,"failureMessages":[],"meta":{},"tags":[]},{"ancestorTitles":["createSamsClient against MSW","SAMS API graph"],"fullName":"createSamsClient against MSW SAMS API graph getCommittee","status":"passed","title":"getCommittee","duration":1.7819460000000618,"failureMessages":[],"meta":{},"tags":[]},{"ancestorTitles":["createSamsClient against MSW","SAMS API graph"],"fullName":"createSamsClient against MSW SAMS API graph getAllLocations","status":"passed","title":"getAllLocations","duration":1.863896000000068,"failureMessages":[],"meta":{},"tags":[]},{"ancestorTitles":["createSamsClient against MSW","SAMS API graph"],"fullName":"createSamsClient against MSW SAMS API graph getLocationByUuid","status":"passed","title":"getLocationByUuid","duration":1.819680999999946,"failureMessages":[],"meta":{},"tags":[]},{"ancestorTitles":["createSamsClient against MSW","SAMS API graph"],"fullName":"createSamsClient against MSW SAMS API graph getEventTypes","status":"passed","title":"getEventTypes","duration":5.383474999999976,"failureMessages":[],"meta":{},"tags":[]},{"ancestorTitles":["createSamsClient against MSW","SAMS API graph"],"fullName":"createSamsClient against MSW SAMS API graph getEventTypeByUuid","status":"passed","title":"getEventTypeByUuid","duration":1.8830440000000408,"failureMessages":[],"meta":{},"tags":[]},{"ancestorTitles":["createSamsClient against MSW"],"fullName":"createSamsClient against MSW getTeamByUuid returns error instead of throwing when throwOnError is false","status":"passed","title":"getTeamByUuid returns error instead of throwing when throwOnError is false","duration":1.9117230000000518,"failureMessages":[],"meta":{},"tags":[]}],"startTime":1787838885133,"endTime":1787838885248.9116,"status":"passed","message":"","name":"/workspace/src/msw/sams-client.msw.test.ts"},{"assertionResults":[{"ancestorTitles":["upstream bug registry"],"fullName":"upstream bug registry assigns unique ids and slugs","status":"passed","title":"assigns unique ids and slugs","duration":1.020503000000005,"failureMessages":[],"meta":{},"tags":[]},{"ancestorTitles":["upstream bug registry"],"fullName":"upstream bug registry keeps probed slugs aligned with the live probe runner","status":"passed","title":"keeps probed slugs aligned with the live probe runner","duration":0.46193099999999276,"failureMessages":[],"meta":{},"tags":[]}],"startTime":1787838885353,"endTime":1787838885354.462,"status":"passed","message":"","name":"/workspace/src/upstream/bugs.test.ts"},{"assertionResults":[{"ancestorTitles":["assertTeamRosterStructure"],"fullName":"assertTeamRosterStructure accepts players and officials with uuid and name","status":"passed","title":"accepts players and officials with uuid and name","duration":1.4128729999999905,"failureMessages":[],"meta":{},"tags":[]},{"ancestorTitles":["assertTeamRosterStructure"],"fullName":"assertTeamRosterStructure rejects players without a name","status":"passed","title":"rejects players without a name","duration":0.2648640000000029,"failureMessages":[],"meta":{},"tags":[]},{"ancestorTitles":["assertTeamRosterStructure"],"fullName":"assertTeamRosterStructure requires at least one player or official for hasMembers","status":"passed","title":"requires at least one player or official for hasMembers","duration":0.20518500000000017,"failureMessages":[],"meta":{},"tags":[]}],"startTime":1787838885254,"endTime":1787838885256.265,"status":"passed","message":"","name":"/workspace/src/test-support/assert-team-roster.test.ts"},{"assertionResults":[{"ancestorTitles":["baseline SAMS endpoint coverage"],"fullName":"baseline SAMS endpoint coverage graph steps exercise every baseline operation","status":"passed","title":"graph steps exercise every baseline operation","duration":1.2759599999999978,"failureMessages":[],"meta":{},"tags":[]},{"ancestorTitles":["baseline SAMS endpoint coverage"],"fullName":"baseline SAMS endpoint coverage includes team roster in the baseline","status":"passed","title":"includes team roster in the baseline","duration":0.587364000000008,"failureMessages":[],"meta":{},"tags":[]}],"startTime":1787838885283,"endTime":1787838885284.5874,"status":"passed","message":"","name":"/workspace/src/test-support/baseline-endpoints.test.ts"},{"assertionResults":[{"ancestorTitles":["ci-test-summary"],"fullName":"ci-test-summary extracts graph endpoint cases by suite title","status":"passed","title":"extracts graph endpoint cases by suite title","duration":1.3648969999999991,"failureMessages":[],"meta":{},"tags":[]},{"ancestorTitles":["ci-test-summary"],"fullName":"ci-test-summary extracts live smoke endpoint cases","status":"passed","title":"extracts live smoke endpoint cases","duration":0.20959999999999468,"failureMessages":[],"meta":{},"tags":[]},{"ancestorTitles":["ci-test-summary"],"fullName":"ci-test-summary formats unit summary with endpoint table and baseline list","status":"passed","title":"formats unit summary with endpoint table and baseline list","duration":0.3807919999999996,"failureMessages":[],"meta":{},"tags":[]},{"ancestorTitles":["ci-test-summary"],"fullName":"ci-test-summary formats live summary with graph and smoke sections","status":"passed","title":"formats live summary with graph and smoke sections","duration":0.27488700000000676,"failureMessages":[],"meta":{},"tags":[]}],"startTime":1787838885170,"endTime":1787838885172.3809,"status":"passed","message":"","name":"/workspace/src/test-support/ci-test-summary.test.ts"}]}