{"numTotalTestSuites":6,"numPassedTestSuites":6,"numFailedTestSuites":0,"numPendingTestSuites":0,"numTotalTests":50,"numPassedTests":50,"numFailedTests":0,"numPendingTests":0,"numTodoTests":0,"snapshot":{"added":0,"failure":false,"filesAdded":0,"filesRemoved":0,"filesRemovedList":[],"filesUnmatched":0,"filesUpdated":0,"matched":0,"total":0,"unchecked":0,"uncheckedKeysByFile":[],"unmatched":0,"updated":0,"didUpdate":false},"startTime":1787838903715,"success":true,"testResults":[{"assertionResults":[{"ancestorTitles":["SAMS API graph (live)"],"fullName":"SAMS API graph (live) getApiBaseLinks","status":"passed","title":"getApiBaseLinks","duration":501.12832399999996,"failureMessages":[],"meta":{},"tags":[]},{"ancestorTitles":["SAMS API graph (live)"],"fullName":"SAMS API graph (live) getAllSeasons","status":"passed","title":"getAllSeasons","duration":345.5556979999999,"failureMessages":[],"meta":{},"tags":[]},{"ancestorTitles":["SAMS API graph (live)"],"fullName":"SAMS API graph (live) getSeasonByUuid","status":"passed","title":"getSeasonByUuid","duration":122.333169,"failureMessages":[],"meta":{},"tags":[]},{"ancestorTitles":["SAMS API graph (live)"],"fullName":"SAMS API graph (live) getLeagueHierarchiesForSeason","status":"passed","title":"getLeagueHierarchiesForSeason","duration":1945.7689679999999,"failureMessages":[],"meta":{},"tags":[]},{"ancestorTitles":["SAMS API graph (live)"],"fullName":"SAMS API graph (live) getLeagueHierarchyByUuid","status":"passed","title":"getLeagueHierarchyByUuid","duration":217.907741,"failureMessages":[],"meta":{},"tags":[]},{"ancestorTitles":["SAMS API graph (live)"],"fullName":"SAMS API graph (live) getLeaguesByLeagueHierarchy","status":"passed","title":"getLeaguesByLeagueHierarchy","duration":3009.0701639999997,"failureMessages":[],"meta":{},"tags":[]},{"ancestorTitles":["SAMS API graph (live)"],"fullName":"SAMS API graph (live) getCompetitionsByLeagueHierarchy","status":"passed","title":"getCompetitionsByLeagueHierarchy","duration":263.6190650000008,"failureMessages":[],"meta":{},"tags":[]},{"ancestorTitles":["SAMS API graph (live)"],"fullName":"SAMS API graph (live) getSuperCompetitionsByLeagueHierarchy","status":"passed","title":"getSuperCompetitionsByLeagueHierarchy","duration":263.9053359999998,"failureMessages":[],"meta":{},"tags":[]},{"ancestorTitles":["SAMS API graph (live)"],"fullName":"SAMS API graph (live) getLeagueByUuid","status":"passed","title":"getLeagueByUuid","duration":124.7870810000004,"failureMessages":[],"meta":{},"tags":[]},{"ancestorTitles":["SAMS API graph (live)"],"fullName":"SAMS API graph (live) getMatchDaysForLeague","status":"passed","title":"getMatchDaysForLeague","duration":142.00904999999966,"failureMessages":[],"meta":{},"tags":[]},{"ancestorTitles":["SAMS API graph (live)"],"fullName":"SAMS API graph (live) getRankingsForLeague","status":"passed","title":"getRankingsForLeague","duration":154.2600679999996,"failureMessages":[],"meta":{},"tags":[]},{"ancestorTitles":["SAMS API graph (live)"],"fullName":"SAMS API graph (live) getTeamsForLeague","status":"passed","title":"getTeamsForLeague","duration":304.83350100000007,"failureMessages":[],"meta":{},"tags":[]},{"ancestorTitles":["SAMS API graph (live)"],"fullName":"SAMS API graph (live) getMatchDayByUuid","status":"passed","title":"getMatchDayByUuid","duration":123.17358899999999,"failureMessages":[],"meta":{},"tags":[]},{"ancestorTitles":["SAMS API graph (live)"],"fullName":"SAMS API graph (live) getMatchesByMatchDay","status":"passed","title":"getMatchesByMatchDay","duration":145.3077890000004,"failureMessages":[],"meta":{},"tags":[]},{"ancestorTitles":["SAMS API graph (live)"],"fullName":"SAMS API graph (live) getLeagueMatchByUuid","status":"passed","title":"getLeagueMatchByUuid","duration":129.96675800000048,"failureMessages":[],"meta":{},"tags":[]},{"ancestorTitles":["SAMS API graph (live)"],"fullName":"SAMS API graph (live) getAllLeagueMatches","status":"passed","title":"getAllLeagueMatches","duration":145.5327870000001,"failureMessages":[],"meta":{},"tags":[]},{"ancestorTitles":["SAMS API graph (live)"],"fullName":"SAMS API graph (live) getTeamByUuid","status":"passed","title":"getTeamByUuid","duration":121.1022899999989,"failureMessages":[],"meta":{},"tags":[]},{"ancestorTitles":["SAMS API graph (live)"],"fullName":"SAMS API graph (live) getTeamRosterByTeamUuid","status":"passed","title":"getTeamRosterByTeamUuid","duration":125.91271199999937,"failureMessages":[],"meta":{},"tags":[]},{"ancestorTitles":["SAMS API graph (live)"],"fullName":"SAMS API graph (live) getCompetitionByUuid","status":"passed","title":"getCompetitionByUuid","duration":125.3959560000003,"failureMessages":[],"meta":{},"tags":[]},{"ancestorTitles":["SAMS API graph (live)"],"fullName":"SAMS API graph (live) getMatchGroupsForCompetition","status":"passed","title":"getMatchGroupsForCompetition","duration":139.0939930000004,"failureMessages":[],"meta":{},"tags":[]},{"ancestorTitles":["SAMS API graph (live)"],"fullName":"SAMS API graph (live) getRankingsForCompetition","status":"passed","title":"getRankingsForCompetition","duration":168.6352850000003,"failureMessages":[],"meta":{},"tags":[]},{"ancestorTitles":["SAMS API graph (live)"],"fullName":"SAMS API graph (live) getTeamsForCompetition","status":"passed","title":"getTeamsForCompetition","duration":388.876443000001,"failureMessages":[],"meta":{},"tags":[]},{"ancestorTitles":["SAMS API graph (live)"],"fullName":"SAMS API graph (live) getAllCompetitionMatchesWithFilter","status":"passed","title":"getAllCompetitionMatchesWithFilter","duration":155.73949899999934,"failureMessages":[],"meta":{},"tags":[]},{"ancestorTitles":["SAMS API graph (live)"],"fullName":"SAMS API graph (live) getCompetitionMatchByUuid","status":"passed","title":"getCompetitionMatchByUuid","duration":138.43298299999879,"failureMessages":[],"meta":{},"tags":[]},{"ancestorTitles":["SAMS API graph (live)"],"fullName":"SAMS API graph (live) getSuperCompetitionByUuid","status":"passed","title":"getSuperCompetitionByUuid","duration":129.32882400000017,"failureMessages":[],"meta":{},"tags":[]},{"ancestorTitles":["SAMS API graph (live)"],"fullName":"SAMS API graph (live) getAllLeagues","status":"passed","title":"getAllLeagues","duration":164.41484499999933,"failureMessages":[],"meta":{},"tags":[]},{"ancestorTitles":["SAMS API graph (live)"],"fullName":"SAMS API graph (live) getAllLeagueHierarchies","status":"passed","title":"getAllLeagueHierarchies","duration":1568.6108280000008,"failureMessages":[],"meta":{},"tags":[]},{"ancestorTitles":["SAMS API graph (live)"],"fullName":"SAMS API graph (live) getAllMatchDays","status":"passed","title":"getAllMatchDays","duration":203.2201729999997,"failureMessages":[],"meta":{},"tags":[]},{"ancestorTitles":["SAMS API graph (live)"],"fullName":"SAMS API graph (live) getAllMatchGroups","status":"passed","title":"getAllMatchGroups","duration":193.00695599999926,"failureMessages":[],"meta":{},"tags":[]},{"ancestorTitles":["SAMS API graph (live)"],"fullName":"SAMS API graph (live) getMatchGroupByUuid","status":"passed","title":"getMatchGroupByUuid","duration":129.32978699999876,"failureMessages":[],"meta":{},"tags":[]},{"ancestorTitles":["SAMS API graph (live)"],"fullName":"SAMS API graph (live) getMatchesByMatchGroup","status":"passed","title":"getMatchesByMatchGroup","duration":158.73431399999936,"failureMessages":[],"meta":{},"tags":[]},{"ancestorTitles":["SAMS API graph (live)"],"fullName":"SAMS API graph (live) getAllCompetitions","status":"passed","title":"getAllCompetitions","duration":169.46884599999976,"failureMessages":[],"meta":{},"tags":[]},{"ancestorTitles":["SAMS API graph (live)"],"fullName":"SAMS API graph (live) getAllSuperCompetitions","status":"passed","title":"getAllSuperCompetitions","duration":157.83737499999916,"failureMessages":[],"meta":{},"tags":[]},{"ancestorTitles":["SAMS API graph (live)"],"fullName":"SAMS API graph (live) getAllTeams","status":"passed","title":"getAllTeams","duration":265.41559899999993,"failureMessages":[],"meta":{},"tags":[]},{"ancestorTitles":["SAMS API graph (live)"],"fullName":"SAMS API graph (live) getAllSportsclubs","status":"passed","title":"getAllSportsclubs","duration":138.54856799999834,"failureMessages":[],"meta":{},"tags":[]},{"ancestorTitles":["SAMS API graph (live)"],"fullName":"SAMS API graph (live) getSportsclub","status":"passed","title":"getSportsclub","duration":124.90625799999907,"failureMessages":[],"meta":{},"tags":[]},{"ancestorTitles":["SAMS API graph (live)"],"fullName":"SAMS API graph (live) getAssociations","status":"passed","title":"getAssociations","duration":122.14262000000053,"failureMessages":[],"meta":{},"tags":[]},{"ancestorTitles":["SAMS API graph (live)"],"fullName":"SAMS API graph (live) getAssociationByUuid","status":"passed","title":"getAssociationByUuid","duration":280.8478589999995,"failureMessages":[],"meta":{},"tags":[]},{"ancestorTitles":["SAMS API graph (live)"],"fullName":"SAMS API graph (live) getCommitteesForAssociation","status":"passed","title":"getCommitteesForAssociation","duration":2309.7999440000003,"failureMessages":[],"meta":{},"tags":[]},{"ancestorTitles":["SAMS API graph (live)"],"fullName":"SAMS API graph (live) getSportsclubsForAssociation","status":"passed","title":"getSportsclubsForAssociation","duration":125.0262389999989,"failureMessages":[],"meta":{},"tags":[]},{"ancestorTitles":["SAMS API graph (live)"],"fullName":"SAMS API graph (live) getCommittee","status":"passed","title":"getCommittee","duration":0.11577699999907054,"failureMessages":[],"meta":{},"tags":[]},{"ancestorTitles":["SAMS API graph (live)"],"fullName":"SAMS API graph (live) getAllLocations","status":"passed","title":"getAllLocations","duration":122.0419980000006,"failureMessages":[],"meta":{},"tags":[]},{"ancestorTitles":["SAMS API graph (live)"],"fullName":"SAMS API graph (live) getLocationByUuid","status":"passed","title":"getLocationByUuid","duration":122.94126399999914,"failureMessages":[],"meta":{},"tags":[]},{"ancestorTitles":["SAMS API graph (live)"],"fullName":"SAMS API graph (live) getEventTypes","status":"passed","title":"getEventTypes","duration":346.78386899999896,"failureMessages":[],"meta":{},"tags":[]},{"ancestorTitles":["SAMS API graph (live)"],"fullName":"SAMS API graph (live) getEventTypeByUuid","status":"passed","title":"getEventTypeByUuid","duration":124.56776099999843,"failureMessages":[],"meta":{},"tags":[]}],"startTime":1787838904056,"endTime":1787838920316.5679,"status":"passed","message":"","name":"/workspace/src/live/sams-api.live.test.ts"},{"assertionResults":[{"ancestorTitles":["SAMS team roster (live fixture)"],"fullName":"SAMS team roster (live fixture) getTeamRosterByTeamUuid returns a roster document","status":"passed","title":"getTeamRosterByTeamUuid returns a roster document","duration":485.25248799999997,"failureMessages":[],"meta":{},"tags":[]},{"ancestorTitles":["SAMS team roster (live fixture)"],"fullName":"SAMS team roster (live fixture) getTeamRosterByTeamUuid players have uuid and name","status":"passed","title":"getTeamRosterByTeamUuid players have uuid and name","duration":347.733431,"failureMessages":[],"meta":{},"tags":[]}],"startTime":1787838904048,"endTime":1787838904881.7334,"status":"passed","message":"","name":"/workspace/src/live/sams-roster.live.test.ts"},{"assertionResults":[{"ancestorTitles":["SAMS smoke (live)"],"fullName":"SAMS smoke (live) getAllSeasons is public","status":"passed","title":"getAllSeasons is public","duration":485.48088800000005,"failureMessages":[],"meta":{},"tags":[]},{"ancestorTitles":["SAMS smoke (live)"],"fullName":"SAMS smoke (live) getTeamByUuid returns fixture team","status":"passed","title":"getTeamByUuid returns fixture team","duration":353.9446760000001,"failureMessages":[],"meta":{},"tags":[]},{"ancestorTitles":["SAMS smoke (live)"],"fullName":"SAMS smoke (live) getTeamRosterByTeamUuid returns players for fixture team","status":"passed","title":"getTeamRosterByTeamUuid returns players for fixture team","duration":194.20529499999998,"failureMessages":[],"meta":{},"tags":[]}],"startTime":1787838904048,"endTime":1787838905082.2053,"status":"passed","message":"","name":"/workspace/src/live/sams-smoke.live.test.ts"}]}